2025-11-10 00:36:58,044 - root - INFO - Dataingestion inititated
2025-11-10 00:36:58,072 - root - INFO - Data read
2025-11-10 00:36:58,138 - root - INFO - Data converted to raw
2025-11-10 00:36:58,144 - root - INFO - Data is splited into train and test
2025-11-10 00:36:58,207 - root - INFO - Data Ingestion completed
2025-11-10 00:36:58,224 - root - INFO - Outliers function on train data
2025-11-10 00:36:58,226 - root - INFO - Outliers function on train data
2025-11-10 00:36:58,228 - root - INFO - Outliers function on train data
2025-11-10 00:36:58,230 - root - INFO - Outliers function on train data
2025-11-10 00:36:58,231 - root - INFO - Outliers function on train data
2025-11-10 00:36:58,233 - root - INFO - Outliers function on train data
2025-11-10 00:36:58,234 - root - INFO - Outliers function on train data
2025-11-10 00:36:58,235 - root - INFO - Outliers function on train data
2025-11-10 00:36:58,236 - root - INFO - Outliers function on train data
2025-11-10 00:36:58,237 - root - INFO - Outliers function on train data
2025-11-10 00:36:58,239 - root - INFO - Outliers function on train data
2025-11-10 00:36:58,240 - root - INFO - Outliers function on train data
2025-11-10 00:36:58,241 - root - INFO - Outliers function on test data
2025-11-10 00:36:58,242 - root - INFO - Outliers function on test data
2025-11-10 00:36:58,244 - root - INFO - Outliers function on test data
2025-11-10 00:36:58,245 - root - INFO - Outliers function on test data
2025-11-10 00:36:58,246 - root - INFO - Outliers function on test data
2025-11-10 00:36:58,247 - root - INFO - Outliers function on test data
2025-11-10 00:36:58,248 - root - INFO - Outliers function on test data
2025-11-10 00:36:58,249 - root - INFO - Outliers function on test data
2025-11-10 00:36:58,250 - root - INFO - Outliers function on test data
2025-11-10 00:36:58,251 - root - INFO - Outliers function on test data
2025-11-10 00:36:58,252 - root - INFO - Outliers function on test data
2025-11-10 00:36:58,253 - root - INFO - Outliers function on test data
2025-11-10 00:36:58,253 - root - INFO - Data Transformation Started
2025-11-10 00:36:58,253 - root - INFO - Spliting data train into depndent and independent feature 
2025-11-10 00:36:58,255 - root - INFO - Spliting data test into depndent and independent feature 
2025-11-10 00:36:58,255 - root - INFO -  Data spliting completed. Inititializing Train Test Split
2025-11-10 00:36:58,281 - root - INFO - Train test completed 
2025-11-10 00:36:58,283 - root - INFO - Pickle file saved
2025-11-10 00:36:58,284 - root - INFO - spliting our data with independent and dependent features
2025-11-10 00:36:58,284 - root - INFO - Model initialization
2025-11-10 00:36:58,284 - root - INFO - Paramas intialization
2025-11-10 00:37:30,797 - root - INFO - best_model found, Model name is Random Forest, accuracy score: 0.7891825445605408
